<?xml version="1.0" encoding="UTF-8"?>
<!-- Generated by org.testng.reporters.JUnitReportReporter -->
<testsuite hostname="DESKTOP-SU2ER4J" failures="0" tests="2" name="com.qa.testngdemos.TestNG1" time="0.023" errors="0" timestamp="26 Feb 2024 14:27:02 GMT" skipped="0">
  <testcase classname="com.qa.testngdemos.TestNG1" name="Test" time="0.021"/>
  <testcase classname="com.qa.testngdemos.TestNG1" name="bark" time="0.002"/>
</testsuite> <!-- com.qa.testngdemos.TestNG1 -->
